<?xml version="1.0" encoding="UTF-8"?>
<testsuite name="com.example.project.TestDay4" tests="4" skipped="0" failures="0" errors="0" timestamp="2024-12-20T13:19:11" hostname="codespaces-3374ed" time="0.047">
  <properties/>
  <testcase name="testSimulateRaceLongerDuration()" classname="com.example.project.TestDay4" time="0.025"/>
  <testcase name="testSimulateSecondRunning()" classname="com.example.project.TestDay4" time="0.003"/>
  <testcase name="testReindeerCreation()" classname="com.example.project.TestDay4" time="0.002"/>
  <testcase name="testSimulateRaceWithHardcodedReindeers()" classname="com.example.project.TestDay4" time="0.002"/>
  <system-out><![CDATA[]]></system-out>
  <system-err><![CDATA[]]></system-err>
</testsuite>
